<?xml version="1.0" encoding="UTF-8"?>
<testsuite name="com.moong2.book.springboot.domain.posts.PostsRepositoryTest" tests="2" skipped="0" failures="0" errors="0" timestamp="2021-03-01T11:26:57" hostname="moong2" time="0.482">
  <properties/>
  <testcase name="게시글저장_불러오기" classname="com.moong2.book.springboot.domain.posts.PostsRepositoryTest" time="0.448"/>
  <testcase name="BaseTimeEntity_등록" classname="com.moong2.book.springboot.domain.posts.PostsRepositoryTest" time="0.031"/>
  <system-out><![CDATA[2021-03-01 20:26:49.942  INFO 28564 --- [    Test worker] .b.t.c.SpringBootTestContextBootstrapper : Neither @ContextConfiguration nor @ContextHierarchy found for test class [com.moong2.book.springboot.domain.posts.PostsRepositoryTest], using SpringBootContextLoader
2021-03-01 20:26:49.944  INFO 28564 --- [    Test worker] o.s.t.c.support.AbstractContextLoader    : Could not detect default resource locations for test class [com.moong2.book.springboot.domain.posts.PostsRepositoryTest]: no resource found for suffixes {-context.xml, Context.groovy}.
2021-03-01 20:26:49.945  INFO 28564 --- [    Test worker] t.c.s.AnnotationConfigContextLoaderUtils : Could not detect default configuration classes for test class [com.moong2.book.springboot.domain.posts.PostsRepositoryTest]: PostsRepositoryTest does not declare any static, non-private, non-final, nested classes annotated with @Configuration.
2021-03-01 20:26:49.999  INFO 28564 --- [    Test worker] .b.t.c.SpringBootTestContextBootstrapper : Found @SpringBootConfiguration com.moong2.book.springboot.Application for test class com.moong2.book.springboot.domain.posts.PostsRepositoryTest
2021-03-01 20:26:50.004  INFO 28564 --- [    Test worker] .b.t.c.SpringBootTestContextBootstrapper : Loaded default TestExecutionListener class names from location [META-INF/spring.factories]: [org.springframework.security.test.context.support.WithSecurityContextTestExecutionListener, org.springframework.security.test.context.support.ReactorContextTestExecutionListener, org.springframework.boot.test.autoconfigure.restdocs.RestDocsTestExecutionListener, org.springframework.boot.test.autoconfigure.web.client.MockRestServiceServerResetTestExecutionListener, org.springframework.boot.test.autoconfigure.web.servlet.MockMvcPrintOnlyOnFailureTestExecutionListener, org.springframework.boot.test.autoconfigure.web.servlet.WebDriverTestExecutionListener, org.springframework.boot.test.mock.mockito.MockitoTestExecutionListener, org.springframework.boot.test.mock.mockito.ResetMocksTestExecutionListener, org.springframework.test.context.web.ServletTestExecutionListener, org.springframework.test.context.support.DirtiesContextBeforeModesTestExecutionListener, org.springframework.test.context.support.DependencyInjectionTestExecutionListener, org.springframework.test.context.support.DirtiesContextTestExecutionListener, org.springframework.test.context.transaction.TransactionalTestExecutionListener, org.springframework.test.context.jdbc.SqlScriptsTestExecutionListener]
2021-03-01 20:26:50.008  INFO 28564 --- [    Test worker] .b.t.c.SpringBootTestContextBootstrapper : Using TestExecutionListeners: [org.springframework.test.context.web.ServletTestExecutionListener@478f7dad, org.springframework.test.context.support.DirtiesContextBeforeModesTestExecutionListener@1431031, org.springframework.boot.test.mock.mockito.MockitoTestExecutionListener@572482f5, org.springframework.boot.test.autoconfigure.SpringBootDependencyInjectionTestExecutionListener@15c4e3a3, org.springframework.test.context.support.DirtiesContextTestExecutionListener@299a96a3, org.springframework.test.context.transaction.TransactionalTestExecutionListener@3041c939, org.springframework.test.context.jdbc.SqlScriptsTestExecutionListener@4381d6ee, org.springframework.security.test.context.support.WithSecurityContextTestExecutionListener@716aecc6, org.springframework.security.test.context.support.ReactorContextTestExecutionListener@cb853c6, org.springframework.boot.test.autoconfigure.restdocs.RestDocsTestExecutionListener@328e5b69, org.springframework.boot.test.autoconfigure.web.client.MockRestServiceServerResetTestExecutionListener@7f75cd70, org.springframework.boot.test.autoconfigure.web.servlet.MockMvcPrintOnlyOnFailureTestExecutionListener@59df0284, org.springframework.boot.test.autoconfigure.web.servlet.WebDriverTestExecutionListener@17374c1a, org.springframework.boot.test.mock.mockito.ResetMocksTestExecutionListener@57221886]

  .   ____          _            __ _ _
 /\\ / ___'_ __ _ _(_)_ __  __ _ \ \ \ \
( ( )\___ | '_ | '_| | '_ \/ _` | \ \ \ \
 \\/  ___)| |_)| | | | | || (_| |  ) ) ) )
  '  |____| .__|_| |_|_| |_\__, | / / / /
 =========|_|==============|___/=/_/_/_/
 :: Spring Boot ::        (v2.1.7.RELEASE)

2021-03-01 20:26:50.151  INFO 28564 --- [    Test worker] c.m.b.s.d.posts.PostsRepositoryTest      : Starting PostsRepositoryTest on moong2 with PID 28564 (started by 박수민 in C:\Users\박수민\IdeaProjects\freelec-springboot2-webservice)
2021-03-01 20:26:50.154  INFO 28564 --- [    Test worker] c.m.b.s.d.posts.PostsRepositoryTest      : No active profile set, falling back to default profiles: default
2021-03-01 20:26:51.090  INFO 28564 --- [    Test worker] .s.d.r.c.RepositoryConfigurationDelegate : Bootstrapping Spring Data repositories in DEFAULT mode.
2021-03-01 20:26:51.219  INFO 28564 --- [    Test worker] .s.d.r.c.RepositoryConfigurationDelegate : Finished Spring Data repository scanning in 128ms. Found 2 repository interfaces.
2021-03-01 20:26:51.648  INFO 28564 --- [    Test worker] trationDelegate$BeanPostProcessorChecker : Bean 'org.springframework.transaction.annotation.ProxyTransactionManagementConfiguration' of type [org.springframework.transaction.annotation.ProxyTransactionManagementConfiguration$$EnhancerBySpringCGLIB$$c6f02c9e] is not eligible for getting processed by all BeanPostProcessors (for example: not eligible for auto-proxying)
2021-03-01 20:26:52.025  INFO 28564 --- [    Test worker] com.zaxxer.hikari.HikariDataSource       : HikariPool-2 - Starting...
2021-03-01 20:26:52.027  INFO 28564 --- [    Test worker] com.zaxxer.hikari.HikariDataSource       : HikariPool-2 - Start completed.
2021-03-01 20:26:52.155  INFO 28564 --- [    Test worker] o.hibernate.jpa.internal.util.LogHelper  : HHH000204: Processing PersistenceUnitInfo [
	name: default
	...]
2021-03-01 20:26:52.211  INFO 28564 --- [    Test worker] org.hibernate.dialect.Dialect            : HHH000400: Using dialect: org.hibernate.dialect.MySQL5InnoDBDialect
Hibernate: drop table if exists posts
Hibernate: drop table if exists user
Hibernate: create table posts (id bigint not null auto_increment, created_date datetime, modified_date datetime, author varchar(255), content TEXT not null, title varchar(500) not null, primary key (id)) engine=InnoDB
Hibernate: create table user (id bigint not null auto_increment, email varchar(255) not null, name varchar(255) not null, picture varchar(255), role varchar(255) not null, primary key (id)) engine=InnoDB
2021-03-01 20:26:52.418  INFO 28564 --- [    Test worker] o.h.t.schema.internal.SchemaCreatorImpl  : HHH000476: Executing import script 'org.hibernate.tool.schema.internal.exec.ScriptSourceInputNonExistentImpl@2720a1c1'
2021-03-01 20:26:52.419  INFO 28564 --- [    Test worker] j.LocalContainerEntityManagerFactoryBean : Initialized JPA EntityManagerFactory for persistence unit 'default'
2021-03-01 20:26:53.282  INFO 28564 --- [    Test worker] o.h.h.i.QueryTranslatorFactoryInitiator  : HHH000397: Using ASTQueryTranslatorFactory
2021-03-01 20:26:54.252  INFO 28564 --- [    Test worker] o.s.s.web.DefaultSecurityFilterChain     : Creating filter chain: any request, [org.springframework.security.web.context.request.async.WebAsyncManagerIntegrationFilter@1dce2032, org.springframework.security.web.context.SecurityContextPersistenceFilter@5a22d728, org.springframework.security.web.header.HeaderWriterFilter@2224c20c, org.springframework.security.web.authentication.logout.LogoutFilter@5b4ce43b, org.springframework.security.oauth2.client.web.OAuth2AuthorizationRequestRedirectFilter@79ed9d2, org.springframework.security.oauth2.client.web.OAuth2LoginAuthenticationFilter@2f2e3a72, org.springframework.security.web.authentication.ui.DefaultLoginPageGeneratingFilter@171bfa67, org.springframework.security.web.authentication.ui.DefaultLogoutPageGeneratingFilter@56678cbc, org.springframework.security.web.savedrequest.RequestCacheAwareFilter@71afc2f, org.springframework.security.web.servletapi.SecurityContextHolderAwareRequestFilter@32a7a62, org.springframework.security.web.authentication.AnonymousAuthenticationFilter@27c68feb, org.springframework.security.web.session.SessionManagementFilter@4ccb1dd5, org.springframework.security.web.access.ExceptionTranslationFilter@324de516, org.springframework.security.web.access.intercept.FilterSecurityInterceptor@238d1dfa]
2021-03-01 20:26:55.842  INFO 28564 --- [    Test worker] o.s.s.concurrent.ThreadPoolTaskExecutor  : Initializing ExecutorService 'applicationTaskExecutor'
2021-03-01 20:26:55.900  WARN 28564 --- [    Test worker] aWebConfiguration$JpaWebMvcConfiguration : spring.jpa.open-in-view is enabled by default. Therefore, database queries may be performed during view rendering. Explicitly configure spring.jpa.open-in-view to disable this warning
2021-03-01 20:26:56.031  INFO 28564 --- [    Test worker] o.s.b.a.w.s.WelcomePageHandlerMapping    : Adding welcome page template: index
2021-03-01 20:26:57.790  INFO 28564 --- [    Test worker] s.a.ScheduledAnnotationBeanPostProcessor : No TaskScheduler/ScheduledExecutorService bean found for scheduled processing
2021-03-01 20:26:57.793  INFO 28564 --- [    Test worker] c.m.b.s.d.posts.PostsRepositoryTest      : Started PostsRepositoryTest in 7.77 seconds (JVM running for 44.396)
Hibernate: insert into posts (created_date, modified_date, author, content, title) values (?, ?, ?, ?, ?)
Hibernate: select posts0_.id as id1_0_, posts0_.created_date as created_2_0_, posts0_.modified_date as modified3_0_, posts0_.author as author4_0_, posts0_.content as content5_0_, posts0_.title as title6_0_ from posts posts0_
Hibernate: select posts0_.id as id1_0_, posts0_.created_date as created_2_0_, posts0_.modified_date as modified3_0_, posts0_.author as author4_0_, posts0_.content as content5_0_, posts0_.title as title6_0_ from posts posts0_
Hibernate: delete from posts where id=?
Hibernate: insert into posts (created_date, modified_date, author, content, title) values (?, ?, ?, ?, ?)
Hibernate: select posts0_.id as id1_0_, posts0_.created_date as created_2_0_, posts0_.modified_date as modified3_0_, posts0_.author as author4_0_, posts0_.content as content5_0_, posts0_.title as title6_0_ from posts posts0_
>>>>>>>>> createDate=2021-03-01T20:26:58.308, modifiedDate=2021-03-01T20:26:58.308
Hibernate: select posts0_.id as id1_0_, posts0_.created_date as created_2_0_, posts0_.modified_date as modified3_0_, posts0_.author as author4_0_, posts0_.content as content5_0_, posts0_.title as title6_0_ from posts posts0_
Hibernate: delete from posts where id=?
]]></system-out>
  <system-err><![CDATA[]]></system-err>
</testsuite>
