<?xml version="1.0" encoding="UTF-8"?>
<testsuite name="com.moong2.book.springboot.web.dto.ProfileControllerTest" tests="1" skipped="0" failures="0" errors="0" timestamp="2021-03-14T05:38:57" hostname="moong2" time="0.431">
  <properties/>
  <testcase name="profile이_인증없이_호출된다" classname="com.moong2.book.springboot.web.dto.ProfileControllerTest" time="0.431"/>
  <system-out><![CDATA[14:38:47.574 [Test worker] DEBUG org.springframework.test.context.junit4.SpringJUnit4ClassRunner - SpringJUnit4ClassRunner constructor called with [class com.moong2.book.springboot.web.dto.ProfileControllerTest]
14:38:47.585 [Test worker] DEBUG org.springframework.test.context.BootstrapUtils - Instantiating CacheAwareContextLoaderDelegate from class [org.springframework.test.context.cache.DefaultCacheAwareContextLoaderDelegate]
14:38:47.602 [Test worker] DEBUG org.springframework.test.context.BootstrapUtils - Instantiating BootstrapContext using constructor [public org.springframework.test.context.support.DefaultBootstrapContext(java.lang.Class,org.springframework.test.context.CacheAwareContextLoaderDelegate)]
14:38:47.623 [Test worker] DEBUG org.springframework.test.context.BootstrapUtils - Instantiating TestContextBootstrapper for test class [com.moong2.book.springboot.web.dto.ProfileControllerTest] from class [org.springframework.boot.test.context.SpringBootTestContextBootstrapper]
14:38:47.643 [Test worker] INFO org.springframework.boot.test.context.SpringBootTestContextBootstrapper - Neither @ContextConfiguration nor @ContextHierarchy found for test class [com.moong2.book.springboot.web.dto.ProfileControllerTest], using SpringBootContextLoader
14:38:47.648 [Test worker] DEBUG org.springframework.test.context.support.AbstractContextLoader - Did not detect default resource location for test class [com.moong2.book.springboot.web.dto.ProfileControllerTest]: class path resource [com/moong2/book/springboot/web/dto/ProfileControllerTest-context.xml] does not exist
14:38:47.648 [Test worker] DEBUG org.springframework.test.context.support.AbstractContextLoader - Did not detect default resource location for test class [com.moong2.book.springboot.web.dto.ProfileControllerTest]: class path resource [com/moong2/book/springboot/web/dto/ProfileControllerTestContext.groovy] does not exist
14:38:47.648 [Test worker] INFO org.springframework.test.context.support.AbstractContextLoader - Could not detect default resource locations for test class [com.moong2.book.springboot.web.dto.ProfileControllerTest]: no resource found for suffixes {-context.xml, Context.groovy}.
14:38:47.649 [Test worker] INFO org.springframework.test.context.support.AnnotationConfigContextLoaderUtils - Could not detect default configuration classes for test class [com.moong2.book.springboot.web.dto.ProfileControllerTest]: ProfileControllerTest does not declare any static, non-private, non-final, nested classes annotated with @Configuration.
14:38:47.707 [Test worker] DEBUG org.springframework.test.context.support.ActiveProfilesUtils - Could not find an 'annotation declaring class' for annotation type [org.springframework.test.context.ActiveProfiles] and class [com.moong2.book.springboot.web.dto.ProfileControllerTest]
14:38:47.861 [Test worker] DEBUG org.springframework.context.annotation.ClassPathScanningCandidateComponentProvider - Identified candidate component class: file [C:\Users\박수민\IdeaProjects\freelec-springboot2-webservice\build\classes\java\main\com\moong2\book\springboot\Application.class]
14:38:47.864 [Test worker] INFO org.springframework.boot.test.context.SpringBootTestContextBootstrapper - Found @SpringBootConfiguration com.moong2.book.springboot.Application for test class com.moong2.book.springboot.web.dto.ProfileControllerTest
14:38:47.999 [Test worker] DEBUG org.springframework.boot.test.context.SpringBootTestContextBootstrapper - @TestExecutionListeners is not present for class [com.moong2.book.springboot.web.dto.ProfileControllerTest]: using defaults.
14:38:48.001 [Test worker] INFO org.springframework.boot.test.context.SpringBootTestContextBootstrapper - Loaded default TestExecutionListener class names from location [META-INF/spring.factories]: [org.springframework.security.test.context.support.WithSecurityContextTestExecutionListener, org.springframework.security.test.context.support.ReactorContextTestExecutionListener, org.springframework.boot.test.autoconfigure.restdocs.RestDocsTestExecutionListener, org.springframework.boot.test.autoconfigure.web.client.MockRestServiceServerResetTestExecutionListener, org.springframework.boot.test.autoconfigure.web.servlet.MockMvcPrintOnlyOnFailureTestExecutionListener, org.springframework.boot.test.autoconfigure.web.servlet.WebDriverTestExecutionListener, org.springframework.boot.test.mock.mockito.MockitoTestExecutionListener, org.springframework.boot.test.mock.mockito.ResetMocksTestExecutionListener, org.springframework.test.context.web.ServletTestExecutionListener, org.springframework.test.context.support.DirtiesContextBeforeModesTestExecutionListener, org.springframework.test.context.support.DependencyInjectionTestExecutionListener, org.springframework.test.context.support.DirtiesContextTestExecutionListener, org.springframework.test.context.transaction.TransactionalTestExecutionListener, org.springframework.test.context.jdbc.SqlScriptsTestExecutionListener]
14:38:48.037 [Test worker] INFO org.springframework.boot.test.context.SpringBootTestContextBootstrapper - Using TestExecutionListeners: [org.springframework.test.context.web.ServletTestExecutionListener@613bf33c, org.springframework.test.context.support.DirtiesContextBeforeModesTestExecutionListener@31e70faf, org.springframework.boot.test.mock.mockito.MockitoTestExecutionListener@14d192e2, org.springframework.boot.test.autoconfigure.SpringBootDependencyInjectionTestExecutionListener@6cf5e6d, org.springframework.test.context.support.DirtiesContextTestExecutionListener@3853ef9b, org.springframework.test.context.transaction.TransactionalTestExecutionListener@31400549, org.springframework.test.context.jdbc.SqlScriptsTestExecutionListener@291ed701, org.springframework.security.test.context.support.WithSecurityContextTestExecutionListener@555ec879, org.springframework.security.test.context.support.ReactorContextTestExecutionListener@72d6ca7e, org.springframework.boot.test.autoconfigure.restdocs.RestDocsTestExecutionListener@430de320, org.springframework.boot.test.autoconfigure.web.client.MockRestServiceServerResetTestExecutionListener@1cf4829f, org.springframework.boot.test.autoconfigure.web.servlet.MockMvcPrintOnlyOnFailureTestExecutionListener@3fca8c78, org.springframework.boot.test.autoconfigure.web.servlet.WebDriverTestExecutionListener@7b8b24c5, org.springframework.boot.test.mock.mockito.ResetMocksTestExecutionListener@5733dc77]
14:38:48.040 [Test worker] DEBUG org.springframework.test.annotation.ProfileValueUtils - Retrieved @ProfileValueSourceConfiguration [null] for test class [com.moong2.book.springboot.web.dto.ProfileControllerTest]
14:38:48.041 [Test worker] DEBUG org.springframework.test.annotation.ProfileValueUtils - Retrieved ProfileValueSource type [class org.springframework.test.annotation.SystemProfileValueSource] for class [com.moong2.book.springboot.web.dto.ProfileControllerTest]
14:38:48.043 [Test worker] DEBUG org.springframework.test.annotation.ProfileValueUtils - Retrieved @ProfileValueSourceConfiguration [null] for test class [com.moong2.book.springboot.web.dto.ProfileControllerTest]
14:38:48.043 [Test worker] DEBUG org.springframework.test.annotation.ProfileValueUtils - Retrieved ProfileValueSource type [class org.springframework.test.annotation.SystemProfileValueSource] for class [com.moong2.book.springboot.web.dto.ProfileControllerTest]
14:38:48.045 [Test worker] DEBUG org.springframework.test.annotation.ProfileValueUtils - Retrieved @ProfileValueSourceConfiguration [null] for test class [com.moong2.book.springboot.web.dto.ProfileControllerTest]
14:38:48.045 [Test worker] DEBUG org.springframework.test.annotation.ProfileValueUtils - Retrieved ProfileValueSource type [class org.springframework.test.annotation.SystemProfileValueSource] for class [com.moong2.book.springboot.web.dto.ProfileControllerTest]
14:38:48.050 [Test worker] DEBUG org.springframework.test.context.support.AbstractDirtiesContextTestExecutionListener - Before test class: context [DefaultTestContext@18e8bf6 testClass = ProfileControllerTest, testInstance = [null], testMethod = [null], testException = [null], mergedContextConfiguration = [WebMergedContextConfiguration@292fa73c testClass = ProfileControllerTest, locations = '{}', classes = '{class com.moong2.book.springboot.Application}', contextInitializerClasses = '[]', activeProfiles = '{}', propertySourceLocations = '{}', propertySourceProperties = '{org.springframework.boot.test.context.SpringBootTestContextBootstrapper=true, server.port=0}', contextCustomizers = set[org.springframework.boot.test.autoconfigure.properties.PropertyMappingContextCustomizer@0, org.springframework.boot.test.autoconfigure.web.servlet.WebDriverContextCustomizerFactory$Customizer@3f3c58ce, org.springframework.boot.test.context.filter.ExcludeFilterContextCustomizer@50728418, org.springframework.boot.test.json.DuplicateJsonObjectContextCustomizerFactory$DuplicateJsonObjectContextCustomizer@f315430, org.springframework.boot.test.mock.mockito.MockitoContextCustomizer@0, org.springframework.boot.test.web.client.TestRestTemplateContextCustomizer@5c097ca4], resourceBasePath = 'src/main/webapp', contextLoader = 'org.springframework.boot.test.context.SpringBootContextLoader', parent = [null]], attributes = map['org.springframework.test.context.web.ServletTestExecutionListener.activateListener' -> false]], class annotated with @DirtiesContext [false] with mode [null].
14:38:48.051 [Test worker] DEBUG org.springframework.test.annotation.ProfileValueUtils - Retrieved @ProfileValueSourceConfiguration [null] for test class [com.moong2.book.springboot.web.dto.ProfileControllerTest]
14:38:48.051 [Test worker] DEBUG org.springframework.test.annotation.ProfileValueUtils - Retrieved ProfileValueSource type [class org.springframework.test.annotation.SystemProfileValueSource] for class [com.moong2.book.springboot.web.dto.ProfileControllerTest]
14:38:48.058 [Test worker] DEBUG org.springframework.test.context.support.DependencyInjectionTestExecutionListener - Performing dependency injection for test context [[DefaultTestContext@18e8bf6 testClass = ProfileControllerTest, testInstance = com.moong2.book.springboot.web.dto.ProfileControllerTest@494b53d7, testMethod = [null], testException = [null], mergedContextConfiguration = [WebMergedContextConfiguration@292fa73c testClass = ProfileControllerTest, locations = '{}', classes = '{class com.moong2.book.springboot.Application}', contextInitializerClasses = '[]', activeProfiles = '{}', propertySourceLocations = '{}', propertySourceProperties = '{org.springframework.boot.test.context.SpringBootTestContextBootstrapper=true, server.port=0}', contextCustomizers = set[org.springframework.boot.test.autoconfigure.properties.PropertyMappingContextCustomizer@0, org.springframework.boot.test.autoconfigure.web.servlet.WebDriverContextCustomizerFactory$Customizer@3f3c58ce, org.springframework.boot.test.context.filter.ExcludeFilterContextCustomizer@50728418, org.springframework.boot.test.json.DuplicateJsonObjectContextCustomizerFactory$DuplicateJsonObjectContextCustomizer@f315430, org.springframework.boot.test.mock.mockito.MockitoContextCustomizer@0, org.springframework.boot.test.web.client.TestRestTemplateContextCustomizer@5c097ca4], resourceBasePath = 'src/main/webapp', contextLoader = 'org.springframework.boot.test.context.SpringBootContextLoader', parent = [null]], attributes = map['org.springframework.test.context.web.ServletTestExecutionListener.activateListener' -> false]]].
14:38:48.087 [Test worker] DEBUG org.springframework.test.context.support.TestPropertySourceUtils - Adding inlined properties to environment: {spring.jmx.enabled=false, org.springframework.boot.test.context.SpringBootTestContextBootstrapper=true, server.port=0}

  .   ____          _            __ _ _
 /\\ / ___'_ __ _ _(_)_ __  __ _ \ \ \ \
( ( )\___ | '_ | '_| | '_ \/ _` | \ \ \ \
 \\/  ___)| |_)| | | | | || (_| |  ) ) ) )
  '  |____| .__|_| |_|_| |_\__, | / / / /
 =========|_|==============|___/=/_/_/_/
 :: Spring Boot ::        (v2.1.7.RELEASE)

2021-03-14 14:38:48.468  INFO 18672 --- [    Test worker] c.m.b.s.web.dto.ProfileControllerTest    : Starting ProfileControllerTest on moong2 with PID 18672 (started by 박수민 in C:\Users\박수민\IdeaProjects\freelec-springboot2-webservice)
2021-03-14 14:38:48.469  INFO 18672 --- [    Test worker] c.m.b.s.web.dto.ProfileControllerTest    : No active profile set, falling back to default profiles: default
2021-03-14 14:38:49.652  INFO 18672 --- [    Test worker] .s.d.r.c.RepositoryConfigurationDelegate : Bootstrapping Spring Data repositories in DEFAULT mode.
2021-03-14 14:38:49.772  INFO 18672 --- [    Test worker] .s.d.r.c.RepositoryConfigurationDelegate : Finished Spring Data repository scanning in 108ms. Found 2 repository interfaces.
2021-03-14 14:38:50.413  INFO 18672 --- [    Test worker] trationDelegate$BeanPostProcessorChecker : Bean 'org.springframework.transaction.annotation.ProxyTransactionManagementConfiguration' of type [org.springframework.transaction.annotation.ProxyTransactionManagementConfiguration$$EnhancerBySpringCGLIB$$fdff0029] is not eligible for getting processed by all BeanPostProcessors (for example: not eligible for auto-proxying)
2021-03-14 14:38:51.022  INFO 18672 --- [    Test worker] o.s.b.w.embedded.tomcat.TomcatWebServer  : Tomcat initialized with port(s): 0 (http)
2021-03-14 14:38:51.055  INFO 18672 --- [    Test worker] o.apache.catalina.core.StandardService   : Starting service [Tomcat]
2021-03-14 14:38:51.055  INFO 18672 --- [    Test worker] org.apache.catalina.core.StandardEngine  : Starting Servlet engine: [Apache Tomcat/9.0.22]
2021-03-14 14:38:51.266  INFO 18672 --- [    Test worker] o.a.c.c.C.[Tomcat].[localhost].[/]       : Initializing Spring embedded WebApplicationContext
2021-03-14 14:38:51.266  INFO 18672 --- [    Test worker] o.s.web.context.ContextLoader            : Root WebApplicationContext: initialization completed in 2762 ms
2021-03-14 14:38:51.710  INFO 18672 --- [    Test worker] com.zaxxer.hikari.HikariDataSource       : HikariPool-1 - Starting...
2021-03-14 14:38:51.949  INFO 18672 --- [    Test worker] com.zaxxer.hikari.HikariDataSource       : HikariPool-1 - Start completed.
2021-03-14 14:38:52.104  INFO 18672 --- [    Test worker] o.hibernate.jpa.internal.util.LogHelper  : HHH000204: Processing PersistenceUnitInfo [
	name: default
	...]
2021-03-14 14:38:52.241  INFO 18672 --- [    Test worker] org.hibernate.Version                    : HHH000412: Hibernate Core {5.3.10.Final}
2021-03-14 14:38:52.245  INFO 18672 --- [    Test worker] org.hibernate.cfg.Environment            : HHH000206: hibernate.properties not found
2021-03-14 14:38:52.585  INFO 18672 --- [    Test worker] o.hibernate.annotations.common.Version   : HCANN000001: Hibernate Commons Annotations {5.0.4.Final}
2021-03-14 14:38:52.949  INFO 18672 --- [    Test worker] org.hibernate.dialect.Dialect            : HHH000400: Using dialect: org.hibernate.dialect.MySQL5InnoDBDialect
Hibernate: drop table if exists posts
Hibernate: drop table if exists user
Hibernate: create table posts (id bigint not null auto_increment, created_date datetime, modified_date datetime, author varchar(255), content TEXT not null, title varchar(500) not null, primary key (id)) engine=InnoDB
Hibernate: create table user (id bigint not null auto_increment, email varchar(255) not null, name varchar(255) not null, picture varchar(255), role varchar(255) not null, primary key (id)) engine=InnoDB
2021-03-14 14:38:54.043  INFO 18672 --- [    Test worker] o.h.t.schema.internal.SchemaCreatorImpl  : HHH000476: Executing import script 'org.hibernate.tool.schema.internal.exec.ScriptSourceInputNonExistentImpl@78bfefc3'
2021-03-14 14:38:54.049  INFO 18672 --- [    Test worker] j.LocalContainerEntityManagerFactoryBean : Initialized JPA EntityManagerFactory for persistence unit 'default'
2021-03-14 14:38:55.327  INFO 18672 --- [    Test worker] o.h.h.i.QueryTranslatorFactoryInitiator  : HHH000397: Using ASTQueryTranslatorFactory
2021-03-14 14:38:55.995  INFO 18672 --- [    Test worker] o.s.s.web.DefaultSecurityFilterChain     : Creating filter chain: any request, [org.springframework.security.web.context.request.async.WebAsyncManagerIntegrationFilter@3180958e, org.springframework.security.web.context.SecurityContextPersistenceFilter@89dfa68, org.springframework.security.web.header.HeaderWriterFilter@7e9ebcf7, org.springframework.security.web.authentication.logout.LogoutFilter@1c6f98c0, org.springframework.security.oauth2.client.web.OAuth2AuthorizationRequestRedirectFilter@1ea89f9b, org.springframework.security.oauth2.client.web.OAuth2LoginAuthenticationFilter@459afa9c, org.springframework.security.web.authentication.ui.DefaultLoginPageGeneratingFilter@3886a90c, org.springframework.security.web.authentication.ui.DefaultLogoutPageGeneratingFilter@296d7dd8, org.springframework.security.web.savedrequest.RequestCacheAwareFilter@72f28182, org.springframework.security.web.servletapi.SecurityContextHolderAwareRequestFilter@704e1c0c, org.springframework.security.web.authentication.AnonymousAuthenticationFilter@2a00e995, org.springframework.security.web.session.SessionManagementFilter@4347ab52, org.springframework.security.web.access.ExceptionTranslationFilter@5c6a5281, org.springframework.security.web.access.intercept.FilterSecurityInterceptor@200c351a]
2021-03-14 14:38:56.548  INFO 18672 --- [    Test worker] o.s.s.concurrent.ThreadPoolTaskExecutor  : Initializing ExecutorService 'applicationTaskExecutor'
2021-03-14 14:38:56.644  WARN 18672 --- [    Test worker] aWebConfiguration$JpaWebMvcConfiguration : spring.jpa.open-in-view is enabled by default. Therefore, database queries may be performed during view rendering. Explicitly configure spring.jpa.open-in-view to disable this warning
2021-03-14 14:38:56.709  INFO 18672 --- [    Test worker] o.s.b.a.w.s.WelcomePageHandlerMapping    : Adding welcome page template: index
2021-03-14 14:38:57.317  INFO 18672 --- [    Test worker] s.a.ScheduledAnnotationBeanPostProcessor : No TaskScheduler/ScheduledExecutorService bean found for scheduled processing
2021-03-14 14:38:57.355  INFO 18672 --- [    Test worker] o.s.b.w.embedded.tomcat.TomcatWebServer  : Tomcat started on port(s): 59500 (http) with context path ''
2021-03-14 14:38:57.357  INFO 18672 --- [    Test worker] c.m.b.s.web.dto.ProfileControllerTest    : Started ProfileControllerTest in 9.268 seconds (JVM running for 11.067)
2021-03-14 14:38:57.598  INFO 18672 --- [o-auto-1-exec-1] o.a.c.c.C.[Tomcat].[localhost].[/]       : Initializing Spring DispatcherServlet 'dispatcherServlet'
2021-03-14 14:38:57.598  INFO 18672 --- [o-auto-1-exec-1] o.s.web.servlet.DispatcherServlet        : Initializing Servlet 'dispatcherServlet'
2021-03-14 14:38:57.632  INFO 18672 --- [o-auto-1-exec-1] o.s.web.servlet.DispatcherServlet        : Completed initialization in 34 ms
]]></system-out>
  <system-err><![CDATA[]]></system-err>
</testsuite>
