<?xml version="1.0" encoding="UTF-8"?>
<testsuite name="com.moong2.book.springboot.HelloControllerTest" tests="2" skipped="0" failures="0" errors="0" timestamp="2021-03-01T11:27:01" hostname="moong2" time="0.26">
  <properties/>
  <testcase name="hello가_리턴된다" classname="com.moong2.book.springboot.HelloControllerTest" time="0.071"/>
  <testcase name="helloDto가_리턴된다" classname="com.moong2.book.springboot.HelloControllerTest" time="0.188"/>
  <system-out><![CDATA[2021-03-01 20:26:58.362  INFO 28564 --- [    Test worker] .b.t.a.w.s.WebMvcTestContextBootstrapper : Neither @ContextConfiguration nor @ContextHierarchy found for test class [com.moong2.book.springboot.HelloControllerTest], using SpringBootContextLoader
2021-03-01 20:26:58.369  INFO 28564 --- [    Test worker] o.s.t.c.support.AbstractContextLoader    : Could not detect default resource locations for test class [com.moong2.book.springboot.HelloControllerTest]: no resource found for suffixes {-context.xml, Context.groovy}.
2021-03-01 20:26:58.370  INFO 28564 --- [    Test worker] t.c.s.AnnotationConfigContextLoaderUtils : Could not detect default configuration classes for test class [com.moong2.book.springboot.HelloControllerTest]: HelloControllerTest does not declare any static, non-private, non-final, nested classes annotated with @Configuration.
2021-03-01 20:26:58.453  INFO 28564 --- [    Test worker] .b.t.c.SpringBootTestContextBootstrapper : Found @SpringBootConfiguration com.moong2.book.springboot.Application for test class com.moong2.book.springboot.HelloControllerTest
2021-03-01 20:26:58.454  INFO 28564 --- [    Test worker] .b.t.a.w.s.WebMvcTestContextBootstrapper : Loaded default TestExecutionListener class names from location [META-INF/spring.factories]: [org.springframework.security.test.context.support.WithSecurityContextTestExecutionListener, org.springframework.security.test.context.support.ReactorContextTestExecutionListener, org.springframework.boot.test.autoconfigure.restdocs.RestDocsTestExecutionListener, org.springframework.boot.test.autoconfigure.web.client.MockRestServiceServerResetTestExecutionListener, org.springframework.boot.test.autoconfigure.web.servlet.MockMvcPrintOnlyOnFailureTestExecutionListener, org.springframework.boot.test.autoconfigure.web.servlet.WebDriverTestExecutionListener, org.springframework.boot.test.mock.mockito.MockitoTestExecutionListener, org.springframework.boot.test.mock.mockito.ResetMocksTestExecutionListener, org.springframework.test.context.web.ServletTestExecutionListener, org.springframework.test.context.support.DirtiesContextBeforeModesTestExecutionListener, org.springframework.test.context.support.DependencyInjectionTestExecutionListener, org.springframework.test.context.support.DirtiesContextTestExecutionListener, org.springframework.test.context.transaction.TransactionalTestExecutionListener, org.springframework.test.context.jdbc.SqlScriptsTestExecutionListener]
2021-03-01 20:26:58.457  INFO 28564 --- [    Test worker] .b.t.a.w.s.WebMvcTestContextBootstrapper : Using TestExecutionListeners: [org.springframework.test.context.web.ServletTestExecutionListener@28ef9581, org.springframework.test.context.support.DirtiesContextBeforeModesTestExecutionListener@14e93f70, org.springframework.boot.test.mock.mockito.MockitoTestExecutionListener@62717225, org.springframework.boot.test.autoconfigure.SpringBootDependencyInjectionTestExecutionListener@33a1075e, org.springframework.test.context.support.DirtiesContextTestExecutionListener@67b6df36, org.springframework.test.context.transaction.TransactionalTestExecutionListener@3af97e0f, org.springframework.test.context.jdbc.SqlScriptsTestExecutionListener@5370c32f, org.springframework.security.test.context.support.WithSecurityContextTestExecutionListener@68d0a5e8, org.springframework.security.test.context.support.ReactorContextTestExecutionListener@394e88ab, org.springframework.boot.test.autoconfigure.restdocs.RestDocsTestExecutionListener@48b6908b, org.springframework.boot.test.autoconfigure.web.client.MockRestServiceServerResetTestExecutionListener@1d0a4b09, org.springframework.boot.test.autoconfigure.web.servlet.MockMvcPrintOnlyOnFailureTestExecutionListener@701842a5, org.springframework.boot.test.autoconfigure.web.servlet.WebDriverTestExecutionListener@3dde97dd, org.springframework.boot.test.mock.mockito.ResetMocksTestExecutionListener@41107a25]

  .   ____          _            __ _ _
 /\\ / ___'_ __ _ _(_)_ __  __ _ \ \ \ \
( ( )\___ | '_ | '_| | '_ \/ _` | \ \ \ \
 \\/  ___)| |_)| | | | | || (_| |  ) ) ) )
  '  |____| .__|_| |_|_| |_\__, | / / / /
 =========|_|==============|___/=/_/_/_/
 :: Spring Boot ::        (v2.1.7.RELEASE)

2021-03-01 20:26:58.577  INFO 28564 --- [    Test worker] c.m.book.springboot.HelloControllerTest  : Starting HelloControllerTest on moong2 with PID 28564 (started by 박수민 in C:\Users\박수민\IdeaProjects\freelec-springboot2-webservice)
2021-03-01 20:26:58.581  INFO 28564 --- [    Test worker] c.m.book.springboot.HelloControllerTest  : No active profile set, falling back to default profiles: default
2021-03-01 20:27:00.137  INFO 28564 --- [    Test worker] o.s.s.concurrent.ThreadPoolTaskExecutor  : Initializing ExecutorService 'applicationTaskExecutor'
2021-03-01 20:27:00.224  INFO 28564 --- [    Test worker] o.s.b.a.w.s.WelcomePageHandlerMapping    : Adding welcome page template: index
2021-03-01 20:27:00.738  INFO 28564 --- [    Test worker] .s.s.UserDetailsServiceAutoConfiguration : 

Using generated security password: 493297ce-ebe8-4025-994b-85c7ef275e5b

2021-03-01 20:27:01.101  INFO 28564 --- [    Test worker] o.s.s.web.DefaultSecurityFilterChain     : Creating filter chain: any request, [org.springframework.security.web.context.request.async.WebAsyncManagerIntegrationFilter@2ae915fa, org.springframework.security.web.context.SecurityContextPersistenceFilter@12735ef1, org.springframework.security.web.header.HeaderWriterFilter@52002d98, org.springframework.security.web.csrf.CsrfFilter@2b5f6ced, org.springframework.security.web.authentication.logout.LogoutFilter@34b62275, org.springframework.security.web.authentication.UsernamePasswordAuthenticationFilter@42a8d727, org.springframework.security.web.authentication.ui.DefaultLoginPageGeneratingFilter@13a30abe, org.springframework.security.web.authentication.ui.DefaultLogoutPageGeneratingFilter@d865d82, org.springframework.security.web.authentication.www.BasicAuthenticationFilter@bf0fa94, org.springframework.security.web.savedrequest.RequestCacheAwareFilter@2ef230e, org.springframework.security.web.servletapi.SecurityContextHolderAwareRequestFilter@5150a226, org.springframework.security.web.authentication.AnonymousAuthenticationFilter@12e22fc, org.springframework.security.web.session.SessionManagementFilter@2680b31, org.springframework.security.web.access.ExceptionTranslationFilter@792f3d2, org.springframework.security.web.access.intercept.FilterSecurityInterceptor@24c0dd08]
2021-03-01 20:27:01.160  INFO 28564 --- [    Test worker] o.s.b.t.m.w.SpringBootMockServletContext : Initializing Spring TestDispatcherServlet ''
2021-03-01 20:27:01.161  INFO 28564 --- [    Test worker] o.s.t.web.servlet.TestDispatcherServlet  : Initializing Servlet ''
2021-03-01 20:27:01.186  INFO 28564 --- [    Test worker] o.s.t.web.servlet.TestDispatcherServlet  : Completed initialization in 25 ms
2021-03-01 20:27:01.261  INFO 28564 --- [    Test worker] c.m.book.springboot.HelloControllerTest  : Started HelloControllerTest in 2.799 seconds (JVM running for 47.864)
]]></system-out>
  <system-err><![CDATA[]]></system-err>
</testsuite>
